<?xml version="1.0" encoding="UTF-8"?>
<testng-results skipped="0" failed="0" ignored="0" total="1" passed="1">
  <reporter-output>
  </reporter-output>
  <suite name="Default suite" duration-ms="5881" started-at="2021-11-18T10:04:29 IST" finished-at="2021-11-18T10:04:35 IST">
    <groups>
    </groups>
    <test name="Default test" duration-ms="5881" started-at="2021-11-18T10:04:29 IST" finished-at="2021-11-18T10:04:35 IST">
      <class name="testLoginpackages.TestActiTimeValidLogin">
        <test-method status="PASS" signature="setUp()[pri:0, instance:testLoginpackages.TestActiTimeValidLogin@2833cc44]" name="setUp" is-config="true" duration-ms="3522" started-at="2021-11-18T10:04:30 IST" finished-at="2021-11-18T10:04:33 IST">
          <reporter-output>
          </reporter-output>
        </test-method> <!-- setUp -->
        <test-method status="PASS" signature="loginActitime()[pri:0, instance:testLoginpackages.TestActiTimeValidLogin@2833cc44]" name="loginActitime" duration-ms="2204" started-at="2021-11-18T10:04:33 IST" finished-at="2021-11-18T10:04:35 IST">
          <reporter-output>
          </reporter-output>
        </test-method> <!-- loginActitime -->
        <test-method status="PASS" signature="tearDown()[pri:0, instance:testLoginpackages.TestActiTimeValidLogin@2833cc44]" name="tearDown" is-config="true" duration-ms="125" started-at="2021-11-18T10:04:35 IST" finished-at="2021-11-18T10:04:35 IST">
          <reporter-output>
          </reporter-output>
        </test-method> <!-- tearDown -->
      </class> <!-- testLoginpackages.TestActiTimeValidLogin -->
    </test> <!-- Default test -->
  </suite> <!-- Default suite -->
</testng-results>
